<?xml version="1.0" encoding="UTF-8"?>
<!-- Generated by org.testng.reporters.JUnitXMLReporter -->
<testsuite ignored="0" hostname="LAPTOP-K0TP30DK" failures="3" tests="3" name="Default test(failed)" time="11.495" errors="0" timestamp="2023-07-20T18:15:13 IST">
  <testcase classname="testpackage.HomePageTest" name="Us" time="0.004">
    <failure type="java.lang.NullPointerException" message="Cannot invoke &amp;quot;pompackage.HomePage.clickOnUs()&amp;quot; because &amp;quot;this.home&amp;quot; is null">
      <![CDATA[java.lang.NullPointerException: Cannot invoke "pompackage.HomePage.clickOnUs()" because "this.home" is null
at testpackage.HomePageTest.Us(HomePageTest.java:16)
at java.base/java.util.ArrayList.forEach(ArrayList.java:1511)
... Removed 25 stack frames]]>
    </failure>
  </testcase> <!-- Us -->
  <testcase classname="testpackage.HomePageTest" name="login" time="0.001">
    <failure type="java.lang.NullPointerException" message="Cannot invoke &amp;quot;pompackage.HomePage.loginbutton()&amp;quot; because &amp;quot;this.home&amp;quot; is null">
      <![CDATA[java.lang.NullPointerException: Cannot invoke "pompackage.HomePage.loginbutton()" because "this.home" is null
at testpackage.HomePageTest.login(HomePageTest.java:25)
at java.base/java.util.ArrayList.forEach(ArrayList.java:1511)
... Removed 25 stack frames]]>
    </failure>
  </testcase> <!-- login -->
  <testcase classname="testpackage.HomePageTest" name="Pas" time="0.001">
    <failure type="java.lang.NullPointerException" message="Cannot invoke &amp;quot;pompackage.HomePage.enterpass()&amp;quot; because &amp;quot;this.home&amp;quot; is null">
      <![CDATA[java.lang.NullPointerException: Cannot invoke "pompackage.HomePage.enterpass()" because "this.home" is null
at testpackage.HomePageTest.Pas(HomePageTest.java:21)
at java.base/java.util.ArrayList.forEach(ArrayList.java:1511)
... Removed 25 stack frames]]>
    </failure>
  </testcase> <!-- Pas -->
</testsuite> <!-- Default test(failed) -->
