<?xml version="1.0" encoding="UTF-8"?>
<!-- Generated by org.testng.reporters.JUnitXMLReporter -->
<testsuite ignored="0" hostname="LAPTOP-K0TP30DK" failures="0" tests="3" name="Default test" time="8.374" errors="0" timestamp="2023-07-22T21:08:15 IST">
  <testcase classname="testpackage.HomePageTest" name="Pass" time="0.126"/>
  <testcase classname="testpackage.HomePageTest" name="Us" time="0.075"/>
  <testcase classname="testpackage.HomePageTest" name="login" time="0.065"/>
</testsuite> <!-- Default test -->
