<?xml version="1.0" encoding="UTF-8"?>
<testng-results ignored="0" total="3" passed="3" failed="0" skipped="0">
  <reporter-output>
  </reporter-output>
  <suite started-at="2023-07-22T21:08:06 IST" name="Default suite" finished-at="2023-07-22T21:08:15 IST" duration-ms="8374">
    <groups>
    </groups>
    <test started-at="2023-07-22T21:08:06 IST" name="Default test" finished-at="2023-07-22T21:08:15 IST" duration-ms="8374">
      <class name="testpackage.HomePageTest">
        <test-method is-config="true" signature="launchb()[pri:0, instance:testpackage.HomePageTest@6c80d78a]" started-at="2023-07-22T21:08:06 IST" name="launchb" finished-at="2023-07-22T21:08:14 IST" duration-ms="8058" status="PASS">
          <reporter-output>
          </reporter-output>
        </test-method> <!-- launchb -->
        <test-method signature="Pass()[pri:0, instance:testpackage.HomePageTest@6c80d78a]" started-at="2023-07-22T21:08:14 IST" name="Pass" finished-at="2023-07-22T21:08:15 IST" duration-ms="126" status="PASS">
          <reporter-output>
          </reporter-output>
        </test-method> <!-- Pass -->
        <test-method signature="Us()[pri:0, instance:testpackage.HomePageTest@6c80d78a]" started-at="2023-07-22T21:08:15 IST" name="Us" finished-at="2023-07-22T21:08:15 IST" duration-ms="75" status="PASS">
          <reporter-output>
          </reporter-output>
        </test-method> <!-- Us -->
        <test-method signature="login()[pri:0, instance:testpackage.HomePageTest@6c80d78a]" started-at="2023-07-22T21:08:15 IST" name="login" finished-at="2023-07-22T21:08:15 IST" duration-ms="65" status="PASS">
          <reporter-output>
          </reporter-output>
        </test-method> <!-- login -->
      </class> <!-- testpackage.HomePageTest -->
    </test> <!-- Default test -->
  </suite> <!-- Default suite -->
</testng-results>
